<?xml version="1.0" encoding="UTF-8"?>
<robot generator="Robot 4.0.3 (Python 3.9.6 on win32)" generated="20210901 20:46:21.305" rpa="false" schemaversion="2">
<suite id="s1" name="Cadastro Steps" source="c:\sydex\steps\cadastro_steps.robot">
<test id="s1-t1" name="Fazer login com sucesso">
<kw name="Acesso o site" library="cadastro_features">
<kw name="Open Browser" library="SeleniumLibrary">
<arg>${url}</arg>
<arg>${Browser}</arg>
<doc>Opens a new browser instance to the optional ``url``.</doc>
<msg timestamp="20210901 20:46:21.474" level="INFO">Opening browser 'Chrome' to base url 'https://www.danielbatistaqa.com.br/index.php/login'.</msg>
<status status="PASS" starttime="20210901 20:46:21.473" endtime="20210901 20:46:28.744"/>
</kw>
<status status="PASS" starttime="20210901 20:46:21.473" endtime="20210901 20:46:28.744"/>
</kw>
<kw name="Informe meu email" library="cadastro_features">
<kw name="Input Text" library="SeleniumLibrary">
<arg>${email}</arg>
<arg>${emailcadastro}</arg>
<doc>Types the given ``text`` into the text field identified by ``locator``.</doc>
<msg timestamp="20210901 20:46:28.745" level="INFO">Typing text 'celina.collen20@gmail.com' into text field 'xpath: //*[@id="email"]'.</msg>
<status status="PASS" starttime="20210901 20:46:28.745" endtime="20210901 20:46:28.801"/>
</kw>
<status status="PASS" starttime="20210901 20:46:28.745" endtime="20210901 20:46:28.801"/>
</kw>
<kw name="Informo minha senha" library="cadastro_features">
<kw name="Input Text" library="SeleniumLibrary">
<arg>${senha}</arg>
<arg>${senhacadastro}</arg>
<doc>Types the given ``text`` into the text field identified by ``locator``.</doc>
<msg timestamp="20210901 20:46:28.802" level="INFO">Typing text 'cKt402' into text field 'xpath: //*[@id="formLogin"]/div[3]//input'.</msg>
<status status="PASS" starttime="20210901 20:46:28.802" endtime="20210901 20:46:28.856"/>
</kw>
<status status="PASS" starttime="20210901 20:46:28.801" endtime="20210901 20:46:28.856"/>
</kw>
<kw name="Clico no botao cadastre" library="cadastro_features">
<kw name="Click Element" library="SeleniumLibrary">
<arg>${btncadastrar}</arg>
<doc>Click the element identified by ``locator``.</doc>
<msg timestamp="20210901 20:46:28.856" level="INFO">Clicking element 'xpath: //*[@id="btn-cadastrar"]'.</msg>
<status status="PASS" starttime="20210901 20:46:28.856" endtime="20210901 20:46:28.892"/>
</kw>
<status status="PASS" starttime="20210901 20:46:28.856" endtime="20210901 20:46:28.892"/>
</kw>
<kw name="Verifico a mensagem" library="cadastro_features">
<kw name="Wait Until Element Is Visible" library="SeleniumLibrary">
<arg>${message}</arg>
<doc>Waits until the element ``locator`` is visible.</doc>
<status status="PASS" starttime="20210901 20:46:28.893" endtime="20210901 20:46:29.786"/>
</kw>
<status status="PASS" starttime="20210901 20:46:28.893" endtime="20210901 20:46:29.787"/>
</kw>
<kw name="Clico no botao fechar" library="cadastro_features">
<kw name="Click Element" library="SeleniumLibrary">
<arg>${btnfechar}</arg>
<doc>Click the element identified by ``locator``.</doc>
<msg timestamp="20210901 20:46:29.787" level="INFO">Clicking element 'xpath: //*[@id="notification"]/div[3]/button'.</msg>
<status status="PASS" starttime="20210901 20:46:29.787" endtime="20210901 20:46:29.819"/>
</kw>
<status status="PASS" starttime="20210901 20:46:29.787" endtime="20210901 20:46:29.819"/>
</kw>
<status status="PASS" starttime="20210901 20:46:21.472" endtime="20210901 20:46:29.819"/>
</test>
<test id="s1-t2" name="Suite Teardown">
<kw name="Fechar Navegador" library="cadastro_features">
<kw name="Close Browser" library="SeleniumLibrary">
<doc>Closes the current browser.</doc>
<status status="PASS" starttime="20210901 20:46:29.821" endtime="20210901 20:46:33.499"/>
</kw>
<status status="PASS" starttime="20210901 20:46:29.821" endtime="20210901 20:46:33.499"/>
</kw>
<status status="PASS" starttime="20210901 20:46:29.820" endtime="20210901 20:46:33.499"/>
</test>
<status status="PASS" starttime="20210901 20:46:21.307" endtime="20210901 20:46:33.501"/>
</suite>
<statistics>
<total>
<stat pass="2" fail="0" skip="0">All Tests</stat>
</total>
<tag>
</tag>
<suite>
<stat pass="2" fail="0" skip="0" id="s1" name="Cadastro Steps">Cadastro Steps</stat>
</suite>
</statistics>
<errors>
</errors>
</robot>
